<?xml version="1.0" encoding="UTF-8"?>
<!-- Generated by org.testng.reporters.JUnitReportReporter -->
<testsuite hostname="DHANU" failures="0" tests="1" name="demo.testNgClass" time="0.008" errors="0" timestamp="2023-09-01T22:31:18 IST" skipped="0">
  <testcase classname="demo.testNgClass" name="gmail" time="0.008"/>
</testsuite> <!-- demo.testNgClass -->
