<?xml version="1.0" encoding="UTF-8"?>
<!-- Generated by org.testng.reporters.JUnitReportReporter -->
<testsuite hostname="DHANU" failures="0" tests="1" name="demo.ReceviedMailTestCases" time="0.014" errors="0" timestamp="2023-09-06T15:53:02 IST" skipped="0">
  <testcase classname="demo.ReceviedMailTestCases" name="ReceiveMail" time="0.014"/>
</testsuite> <!-- demo.ReceviedMailTestCases -->
