<?xml version="1.0" encoding="UTF-8"?>
<!-- Generated by org.testng.reporters.JUnitReportReporter -->
<testsuite hostname="DHANU" failures="0" tests="1" name="demo.SentMailTestCases" time="0.010" errors="0" timestamp="2023-09-06T15:56:31 IST" skipped="0">
  <testcase classname="demo.SentMailTestCases" name="Sentmail" time="0.010"/>
</testsuite> <!-- demo.SentMailTestCases -->
