<?xml version="1.0" encoding="UTF-8"?>
<!-- Generated by org.testng.reporters.JUnitReportReporter -->
<testsuite hostname="DHANU" failures="0" tests="1" name="demo.Testing" time="0.004" errors="0" timestamp="2023-09-05T16:08:19 IST" skipped="0">
  <testcase classname="demo.Testing" name="sendmail" time="0.004"/>
</testsuite> <!-- demo.Testing -->
